<?xml version="1.0" encoding="UTF-8"?>
<testsuite xmlns:xsi="http://www.w3.org/2001/XMLSchema-instance" xsi:noNamespaceSchemaLocation="https://maven.apache.org/surefire/maven-surefire-plugin/xsd/surefire-test-report.xsd" name="selenium.ExampleSeleniumTest" time="114.632" tests="41" errors="0" skipped="0" failures="2">
  <properties>
[...]
</properties>
  <testcase name="ucX1Test" classname="selenium.ExampleSeleniumTest" time="2.11"/>
  <testcase name="ucX2Test" classname="selenium.ExampleSeleniumTest" time="1.013"/>
  <testcase name="f51PTest" classname="selenium.ExampleSeleniumTest" time="12.229"/>
  <testcase name="test1" classname="selenium.ExampleSeleniumTest" time="0.726"/>
  <testcase name="test2" classname="selenium.ExampleSeleniumTest" time="0.851"/>
  <testcase name="f22PTest" classname="selenium.ExampleSeleniumTest" time="1.505"/>
  <testcase name="uc11Test" classname="selenium.ExampleSeleniumTest" time="0.979"/>
  <testcase name="uc12Test" classname="selenium.ExampleSeleniumTest" time="1.085"/>
  <testcase name="uc21Test" classname="selenium.ExampleSeleniumTest" time="1.038"/>
  <testcase name="uc31Test" classname="selenium.ExampleSeleniumTest" time="1.407"/>
  <testcase name="uc32Test" classname="selenium.ExampleSeleniumTest" time="1.349"/>
  <testcase name="uc33Test" classname="selenium.ExampleSeleniumTest" time="1.239"/>
  <testcase name="uc34Test" classname="selenium.ExampleSeleniumTest" time="1.59"/>
  <testcase name="uc41Test" classname="selenium.ExampleSeleniumTest" time="1.467"/>
  <testcase name="uc42Test" classname="selenium.ExampleSeleniumTest" time="1.395"/>
  <testcase name="uc43Test" classname="selenium.ExampleSeleniumTest" time="1.071"/>
  <testcase name="uc44Test" classname="selenium.ExampleSeleniumTest" time="1.485"/>
  <testcase name="uc45Test" classname="selenium.ExampleSeleniumTest" time="1.416"/>
  <testcase name="uc46Test" classname="selenium.ExampleSeleniumTest" time="0.835"/>
  <testcase name="uc51Test" classname="selenium.ExampleSeleniumTest" time="2.774"/>
  <testcase name="uc61Test" classname="selenium.ExampleSeleniumTest" time="1.562"/>
  <testcase name="uc62Test" classname="selenium.ExampleSeleniumTest" time="1.718"/>
  <testcase name="uc71Test" classname="selenium.ExampleSeleniumTest" time="1.641"/>
  <testcase name="uc72Test" classname="selenium.ExampleSeleniumTest" time="11.472"/>
  <testcase name="uc81Test" classname="selenium.ExampleSeleniumTest" time="1.732"/>
  <testcase name="uc82Test" classname="selenium.ExampleSeleniumTest" time="11.884"/>
  <testcase name="uc83Test" classname="selenium.ExampleSeleniumTest" time="15.869"/>
  <testcase name="uc91Test" classname="selenium.ExampleSeleniumTest" time="1.625"/>
  <testcase name="uc92Test" classname="selenium.ExampleSeleniumTest" time="1.453">
    <failure message="expected: &lt;$0.00&gt; but was: &lt;$10.00&gt;" type="org.opentest4j.AssertionFailedError"><![CDATA[org.opentest4j.AssertionFailedError: expected: <$0.00> but was: <$10.00>
	at selenium.ExampleSeleniumTest.uc92Test(ExampleSeleniumTest.java:989)
]]></failure>
    <system-out><![CDATA[AAAAAAAAAACCCCCCCCCCCCCCCCCTTTTTTTTTTTTTTT: $10.00 $0.00 $10.00
AAAAAAAAAAAAAAAAAAAAAAAAAlready Logged in
]]></system-out>
    <system-err><![CDATA[Starting ChromeDriver 91.0.4472.101 (af52a90bf87030dd1523486a1cd3ae25c5d76c9b-refs/branch-heads/4472@{#1462}) on port 24983
Only local connections are allowed.
Please see https://chromedriver.chromium.org/security-considerations for suggestions on keeping ChromeDriver safe.
ChromeDriver was started successfully.
7月 19, 2021 8:12:48 下午 org.openqa.selenium.remote.ProtocolHandshake createSession
信息: Detected dialect: W3C
]]></system-err>
  </testcase>
  <testcase name="f1NTest" classname="selenium.ExampleSeleniumTest" time="1.343"/>
  <testcase name="f1PTest" classname="selenium.ExampleSeleniumTest" time="1.296"/>
  <testcase name="f2NTest" classname="selenium.ExampleSeleniumTest" time="0.87"/>
  <testcase name="f2PTest" classname="selenium.ExampleSeleniumTest" time="1.542"/>
  <testcase name="f3PTest" classname="selenium.ExampleSeleniumTest" time="1.52"/>
  <testcase name="f4NTest" classname="selenium.ExampleSeleniumTest" time="11.417"/>
  <testcase name="f4PTest" classname="selenium.ExampleSeleniumTest" time="1.681"/>
  <testcase name="f5PTest" classname="selenium.ExampleSeleniumTest" time="1.657"/>
  <testcase name="f6NTest" classname="selenium.ExampleSeleniumTest" time="1.443">
    <failure message="expected: &lt;$0.00&gt; but was: &lt;$10.00&gt;" type="org.opentest4j.AssertionFailedError"><![CDATA[org.opentest4j.AssertionFailedError: expected: <$0.00> but was: <$10.00>
	at selenium.ExampleSeleniumTest.f6NTest(ExampleSeleniumTest.java:372)
]]></failure>
    <system-out><![CDATA[AAAAAAAAAACCCCCCCCCCCCCCCCCTTTTTTTTTTTTTTT: $10.00 $0.00 $10.00
AAAAAAAAAAAAAAAAAAAAAAAAAlready Logged in
]]></system-out>
    <system-err><![CDATA[Starting ChromeDriver 91.0.4472.101 (af52a90bf87030dd1523486a1cd3ae25c5d76c9b-refs/branch-heads/4472@{#1462}) on port 3095
Only local connections are allowed.
Please see https://chromedriver.chromium.org/security-considerations for suggestions on keeping ChromeDriver safe.
ChromeDriver was started successfully.
7月 19, 2021 8:13:10 下午 org.openqa.selenium.remote.ProtocolHandshake createSession
信息: Detected dialect: W3C
]]></system-err>
  </testcase>
  <testcase name="f6PTest" classname="selenium.ExampleSeleniumTest" time="1.779"/>
  <testcase name="f7PTest" classname="selenium.ExampleSeleniumTest" time="2.755"/>
  <testcase name="f8PTest" classname="selenium.ExampleSeleniumTest" time="0.788"/>
</testsuite>