<?xml version="1.0" encoding="UTF-8"?>
<testsuite xmlns:xsi="http://www.w3.org/2001/XMLSchema-instance" xsi:noNamespaceSchemaLocation="https://maven.apache.org/surefire/maven-surefire-plugin/xsd/surefire-test-report.xsd" name="selenium.ExampleSeleniumTest" time="133.281" tests="41" errors="1" skipped="0" failures="2">
  <properties>
[...]
</properties>
  <testcase name="ucX1Test" classname="selenium.ExampleSeleniumTest" time="3.945"/>
  <testcase name="ucX2Test" classname="selenium.ExampleSeleniumTest" time="1.387"/>
  <testcase name="f51PTest" classname="selenium.ExampleSeleniumTest" time="12.452">
    <error message="no such element: Unable to locate element: {&quot;method&quot;:&quot;css selector&quot;,&quot;selector&quot;:&quot;#order\-ID1111&quot;}&#10;  (Session info: chrome=91.0.4472.124)&#10;For documentation on this error, please visit: https://www.seleniumhq.org/exceptions/no_such_element.html&#10;Build info: version: &apos;3.141.59&apos;, revision: &apos;e82be7d358&apos;, time: &apos;2018-11-14T08:17:03&apos;&#10;System info: host: &apos;CHC-G33590&apos;, ip: &apos;192.168.0.169&apos;, os.name: &apos;Windows 10&apos;, os.arch: &apos;amd64&apos;, os.version: &apos;10.0&apos;, java.version: &apos;16.0.1&apos;&#10;Driver info: org.openqa.selenium.chrome.ChromeDriver&#10;Capabilities {acceptInsecureCerts: false, browserName: chrome, browserVersion: 91.0.4472.124, chrome: {chromedriverVersion: 91.0.4472.101 (af52a90bf870..., userDataDir: C:\Users\ADMINI~1\AppData\L...}, goog:chromeOptions: {debuggerAddress: localhost:58209}, javascriptEnabled: true, networkConnectionEnabled: false, pageLoadStrategy: normal, platform: WINDOWS, platformName: WINDOWS, proxy: Proxy(), setWindowRect: true, strictFileInteractability: false, timeouts: {implicit: 0, pageLoad: 300000, script: 30000}, unhandledPromptBehavior: dismiss and notify, webauthn:extension:largeBlob: true, webauthn:virtualAuthenticators: true}&#10;Session ID: 313eb71715146df6046bacb4426742f8&#10;*** Element info: {Using=id, value=order-ID1111}" type="org.openqa.selenium.NoSuchElementException">org.openqa.selenium.NoSuchElementException: 
no such element: Unable to locate element: {"method":"css selector","selector":"#order\-ID1111"}
  (Session info: chrome=91.0.4472.124)
For documentation on this error, please visit: https://www.seleniumhq.org/exceptions/no_such_element.html
Build info: version: '3.141.59', revision: 'e82be7d358', time: '2018-11-14T08:17:03'
System info: host: 'CHC-G33590', ip: '192.168.0.169', os.name: 'Windows 10', os.arch: 'amd64', os.version: '10.0', java.version: '16.0.1'
Driver info: org.openqa.selenium.chrome.ChromeDriver
Capabilities {acceptInsecureCerts: false, browserName: chrome, browserVersion: 91.0.4472.124, chrome: {chromedriverVersion: 91.0.4472.101 (af52a90bf870..., userDataDir: C:\Users\ADMINI~1\AppData\L...}, goog:chromeOptions: {debuggerAddress: localhost:58209}, javascriptEnabled: true, networkConnectionEnabled: false, pageLoadStrategy: normal, platform: WINDOWS, platformName: WINDOWS, proxy: Proxy(), setWindowRect: true, strictFileInteractability: false, timeouts: {implicit: 0, pageLoad: 300000, script: 30000}, unhandledPromptBehavior: dismiss and notify, webauthn:extension:largeBlob: true, webauthn:virtualAuthenticators: true}
Session ID: 313eb71715146df6046bacb4426742f8
*** Element info: {Using=id, value=order-ID1111}
	at selenium.ExampleSeleniumTest.cusAddBook1Go2Cart(ExampleSeleniumTest.java:1105)
	at selenium.ExampleSeleniumTest.f51PTest(ExampleSeleniumTest.java:305)
</error>
    <system-err><![CDATA[Starting ChromeDriver 91.0.4472.101 (af52a90bf87030dd1523486a1cd3ae25c5d76c9b-refs/branch-heads/4472@{#1462}) on port 38418
Only local connections are allowed.
Please see https://chromedriver.chromium.org/security-considerations for suggestions on keeping ChromeDriver safe.
ChromeDriver was started successfully.
7月 19, 2021 8:24:15 下午 org.openqa.selenium.remote.ProtocolHandshake createSession
信息: Detected dialect: W3C
]]></system-err>
  </testcase>
  <testcase name="test1" classname="selenium.ExampleSeleniumTest" time="0.849"/>
  <testcase name="test2" classname="selenium.ExampleSeleniumTest" time="1.109"/>
  <testcase name="f22PTest" classname="selenium.ExampleSeleniumTest" time="2.015"/>
  <testcase name="uc11Test" classname="selenium.ExampleSeleniumTest" time="1.203"/>
  <testcase name="uc12Test" classname="selenium.ExampleSeleniumTest" time="1.535"/>
  <testcase name="uc21Test" classname="selenium.ExampleSeleniumTest" time="1.297"/>
  <testcase name="uc31Test" classname="selenium.ExampleSeleniumTest" time="1.805"/>
  <testcase name="uc32Test" classname="selenium.ExampleSeleniumTest" time="1.693"/>
  <testcase name="uc33Test" classname="selenium.ExampleSeleniumTest" time="1.696"/>
  <testcase name="uc34Test" classname="selenium.ExampleSeleniumTest" time="2.292"/>
  <testcase name="uc41Test" classname="selenium.ExampleSeleniumTest" time="2.169"/>
  <testcase name="uc42Test" classname="selenium.ExampleSeleniumTest" time="2.023"/>
  <testcase name="uc43Test" classname="selenium.ExampleSeleniumTest" time="1.478"/>
  <testcase name="uc44Test" classname="selenium.ExampleSeleniumTest" time="2.194"/>
  <testcase name="uc45Test" classname="selenium.ExampleSeleniumTest" time="2.109"/>
  <testcase name="uc46Test" classname="selenium.ExampleSeleniumTest" time="1.213"/>
  <testcase name="uc51Test" classname="selenium.ExampleSeleniumTest" time="3.406"/>
  <testcase name="uc61Test" classname="selenium.ExampleSeleniumTest" time="2.148"/>
  <testcase name="uc62Test" classname="selenium.ExampleSeleniumTest" time="2.514"/>
  <testcase name="uc71Test" classname="selenium.ExampleSeleniumTest" time="2.385"/>
  <testcase name="uc72Test" classname="selenium.ExampleSeleniumTest" time="12.049"/>
  <testcase name="uc81Test" classname="selenium.ExampleSeleniumTest" time="2.368"/>
  <testcase name="uc82Test" classname="selenium.ExampleSeleniumTest" time="12.336"/>
  <testcase name="uc83Test" classname="selenium.ExampleSeleniumTest" time="12.39"/>
  <testcase name="uc91Test" classname="selenium.ExampleSeleniumTest" time="2.345"/>
  <testcase name="uc92Test" classname="selenium.ExampleSeleniumTest" time="1.962">
    <failure message="expected: &lt;$0.00&gt; but was: &lt;$10.00&gt;" type="org.opentest4j.AssertionFailedError"><![CDATA[org.opentest4j.AssertionFailedError: expected: <$0.00> but was: <$10.00>
	at selenium.ExampleSeleniumTest.uc92Test(ExampleSeleniumTest.java:989)
]]></failure>
    <system-out><![CDATA[AAAAAAAAAACCCCCCCCCCCCCCCCCTTTTTTTTTTTTTTT: $10.00 $0.00 $10.00
AAAAAAAAAAAAAAAAAAAAAAAAAlready Logged in
]]></system-out>
    <system-err><![CDATA[Starting ChromeDriver 91.0.4472.101 (af52a90bf87030dd1523486a1cd3ae25c5d76c9b-refs/branch-heads/4472@{#1462}) on port 19915
Only local connections are allowed.
Please see https://chromedriver.chromium.org/security-considerations for suggestions on keeping ChromeDriver safe.
ChromeDriver was started successfully.
7月 19, 2021 8:25:46 下午 org.openqa.selenium.remote.ProtocolHandshake createSession
信息: Detected dialect: W3C
]]></system-err>
  </testcase>
  <testcase name="f1NTest" classname="selenium.ExampleSeleniumTest" time="1.941"/>
  <testcase name="f1PTest" classname="selenium.ExampleSeleniumTest" time="1.781"/>
  <testcase name="f2NTest" classname="selenium.ExampleSeleniumTest" time="1.081"/>
  <testcase name="f2PTest" classname="selenium.ExampleSeleniumTest" time="2.044"/>
  <testcase name="f3PTest" classname="selenium.ExampleSeleniumTest" time="2.279"/>
  <testcase name="f4NTest" classname="selenium.ExampleSeleniumTest" time="12.021"/>
  <testcase name="f4PTest" classname="selenium.ExampleSeleniumTest" time="2.33"/>
  <testcase name="f5PTest" classname="selenium.ExampleSeleniumTest" time="2.38"/>
  <testcase name="f6NTest" classname="selenium.ExampleSeleniumTest" time="2.055">
    <failure message="expected: &lt;$0.00&gt; but was: &lt;$10.00&gt;" type="org.opentest4j.AssertionFailedError"><![CDATA[org.opentest4j.AssertionFailedError: expected: <$0.00> but was: <$10.00>
	at selenium.ExampleSeleniumTest.f6NTest(ExampleSeleniumTest.java:372)
]]></failure>
    <system-out><![CDATA[AAAAAAAAAACCCCCCCCCCCCCCCCCTTTTTTTTTTTTTTT: $10.00 $0.00 $10.00
AAAAAAAAAAAAAAAAAAAAAAAAAlready Logged in
]]></system-out>
    <system-err><![CDATA[Starting ChromeDriver 91.0.4472.101 (af52a90bf87030dd1523486a1cd3ae25c5d76c9b-refs/branch-heads/4472@{#1462}) on port 37449
Only local connections are allowed.
Please see https://chromedriver.chromium.org/security-considerations for suggestions on keeping ChromeDriver safe.
ChromeDriver was started successfully.
7月 19, 2021 8:26:14 下午 org.openqa.selenium.remote.ProtocolHandshake createSession
信息: Detected dialect: W3C
]]></system-err>
  </testcase>
  <testcase name="f6PTest" classname="selenium.ExampleSeleniumTest" time="2.508"/>
  <testcase name="f7PTest" classname="selenium.ExampleSeleniumTest" time="3.468"/>
  <testcase name="f8PTest" classname="selenium.ExampleSeleniumTest" time="1.004"/>
</testsuite>